<?xml version="1.0" encoding="UTF-8"?>
<!-- Generated by org.testng.reporters.JUnitXMLReporter -->
<testsuite ignored="1" hostname="DESKTOP-BNIOE7C" failures="0" tests="1" name="E-Commerce App" time="18.986" errors="0" timestamp="2024-03-22T14:06:40 IST">
  <testcase classname="projectAutomationFramework.StandardAloneTest" name="SubmitOrder" time="14.082"/>
  <testcase classname="projectAutomationFramework.StandardAloneTest" name="OrderHistoryTest" time="0.0">
    <ignored/>
  </testcase> <!-- OrderHistoryTest -->
</testsuite> <!-- E-Commerce App -->
