<?xml version="1.0" encoding="UTF-8"?>
<!-- Generated by org.testng.reporters.JUnitXMLReporter -->
<testsuite ignored="0" hostname="DESKTOP-BNIOE7C" failures="1" tests="1" name="Default test" time="0.883" errors="0" timestamp="2024-04-25T16:38:36 IST">
  <testcase classname="io.cucumber.testng.AbstractTestNGCucumberTests" name="runScenario" time="0.08">
    <failure type="java.lang.NullPointerException" message="Cannot invoke &amp;quot;pageObjects.LandingPage.loginApplication(String, String)&amp;quot; because &amp;quot;this.landingPage&amp;quot; is null">
      <![CDATA[java.lang.NullPointerException: Cannot invoke "pageObjects.LandingPage.loginApplication(String, String)" because "this.landingPage" is null
at stepDefinition.StepDefinitionImplement.logged_in_username_and_password(StepDefinitionImplement.java:39)
at ✽.Logged in with username akankshasadaphal4@gmail.com  and password Akan@1990(file:///C:/Users/akkum/eclipse-workspace/selenium_Java_Project/src/test/java/cucumber/PurchaseOrder.feature:11)
]]>
    </failure>
  </testcase> <!-- runScenario -->
</testsuite> <!-- Default test -->
