<?xml version="1.0" encoding="UTF-8"?>
<!-- Generated by org.testng.reporters.JUnitXMLReporter -->
<testsuite ignored="1" hostname="DESKTOP-BNIOE7C" failures="0" tests="11" name="Car loan" time="0.092" errors="0" timestamp="2024-03-01T14:27:50 IST">
  <testcase classname="testNGTutorials.SimpleTest1" name="CarLoan" time="0.006"/>
  <testcase classname="testNGTutorials.SimpleTest1" name="HomeLoanLogindepartment" time="0.002"/>
  <testcase classname="testNGTutorials.SimpleTest1" name="HomeLoan" time="0.002"/>
  <testcase classname="testNGTutorials.SimpleTest1" name="HomeLoanLogin" time="0.002"/>
  <testcase classname="testNGTutorials.SimpleTest1" name="RegistrationPage" time="0.001"/>
  <testcase classname="testNGTutorials.SimpleTest1" name="RegistrationPage" time="0.001"/>
  <testcase classname="testNGTutorials.SimpleTest1" name="RegistrationPage" time="0.0"/>
  <testcase classname="testNGTutorials.SimpleTest2" name="LoginHomeLoan" time="0.001"/>
  <testcase classname="testNGTutorials.SimpleTest2" name="LoginPersonalLoan" time="0.003"/>
  <testcase classname="testNGTutorials.SimpleTest2" name="LogoutPersonalLoan" time="0.001"/>
  <testcase classname="testNGTutorials.SimpleTest1" name="PersonalLoan" time="0.0"/>
  <testcase classname="testNGTutorials.SimpleTest2" name="LoginCarLoan" time="0.0">
    <ignored/>
  </testcase> <!-- LoginCarLoan -->
</testsuite> <!-- Car loan -->
