<?xml version="1.0" encoding="UTF-8"?>
<!-- Generated by org.testng.reporters.JUnitXMLReporter -->
<testsuite ignored="0" hostname="DESKTOP-BNIOE7C" failures="0" tests="4" name="Personal Loan" time="0.064" errors="0" timestamp="2024-03-01T14:27:50 IST">
  <testcase classname="testNGTutorials.SimpleTest" name="Demo" time="0.005"/>
  <testcase classname="testNGTutorials.SimpleTest" name="test1" time="0.002"/>
  <testcase classname="testNGTutorials.DemoTest" name="Greetings" time="0.001"/>
  <testcase classname="testNGTutorials.DemoTest" name="secondtest" time="0.002"/>
</testsuite> <!-- Personal Loan -->
