<?xml version="1.0" encoding="UTF-8"?>
<!-- Generated by org.testng.reporters.JUnitXMLReporter -->
<testsuite ignored="10" hostname="DESKTOP-BNIOE7C" failures="0" tests="4" name="Regression" time="0.139" errors="0" timestamp="2024-03-01T14:22:12 IST">
  <testcase classname="testNGTutorials.SimpleTest" name="Demo" time="0.027"/>
  <testcase classname="testNGTutorials.DemoTest" name="Greetings" time="0.002"/>
  <testcase classname="testNGTutorials.SimpleTest1" name="HomeLoan" time="0.003"/>
  <testcase classname="testNGTutorials.SimpleTest2" name="LoginHomeLoan" time="0.002"/>
  <testcase classname="testNGTutorials.SimpleTest1" name="HomeLoanLogindepartment" time="0.0">
    <ignored/>
  </testcase> <!-- HomeLoanLogindepartment -->
  <testcase classname="testNGTutorials.SimpleTest1" name="RegistrationPage" time="0.0">
    <ignored/>
  </testcase> <!-- RegistrationPage -->
  <testcase classname="testNGTutorials.SimpleTest2" name="LoginCarLoan" time="0.0">
    <ignored/>
  </testcase> <!-- LoginCarLoan -->
  <testcase classname="testNGTutorials.SimpleTest" name="test1" time="0.0">
    <ignored/>
  </testcase> <!-- test1 -->
  <testcase classname="testNGTutorials.SimpleTest1" name="CarLoan" time="0.0">
    <ignored/>
  </testcase> <!-- CarLoan -->
  <testcase classname="testNGTutorials.SimpleTest2" name="LogoutPersonalLoan" time="0.0">
    <ignored/>
  </testcase> <!-- LogoutPersonalLoan -->
  <testcase classname="testNGTutorials.DemoTest" name="secondtest" time="0.0">
    <ignored/>
  </testcase> <!-- secondtest -->
  <testcase classname="testNGTutorials.SimpleTest1" name="HomeLoanLogin" time="0.0">
    <ignored/>
  </testcase> <!-- HomeLoanLogin -->
  <testcase classname="testNGTutorials.SimpleTest2" name="LoginPersonalLoan" time="0.0">
    <ignored/>
  </testcase> <!-- LoginPersonalLoan -->
  <testcase classname="testNGTutorials.SimpleTest1" name="PersonalLoan" time="0.0">
    <ignored/>
  </testcase> <!-- PersonalLoan -->
</testsuite> <!-- Regression -->
