<?xml version="1.0" encoding="UTF-8"?>
<!-- Generated by org.testng.reporters.JUnitXMLReporter -->
<testsuite ignored="1" hostname="DESKTOP-BNIOE7C" failures="0" tests="1" name="Submit Order(failed)" time="17.652" errors="0" timestamp="2024-03-21T22:33:49 IST">
  <testcase classname="projectAutomationFramework.StandardAloneTest" name="SubmitOrder" time="13.754"/>
  <testcase classname="projectAutomationFramework.StandardAloneTest" name="OrderHistoryTest" time="0.0">
    <ignored/>
  </testcase> <!-- OrderHistoryTest -->
</testsuite> <!-- Submit Order(failed) -->
