<?xml version="1.0" encoding="UTF-8"?>
<testng-results ignored="0" total="1" passed="0" failed="1" skipped="0">
  <reporter-output>
  </reporter-output>
  <suite started-at="2024-04-25T16:38:35 IST" name="Default suite" finished-at="2024-04-25T16:38:36 IST" duration-ms="883">
    <groups>
      <group name="cucumber">
        <method signature="AbstractTestNGCucumberTests.runScenario(io.cucumber.testng.PickleWrapper,io.cucumber.testng.FeatureWrapper)[pri:0, instance:cucumber.testNGTestRunner@55740540]" name="runScenario" class="io.cucumber.testng.AbstractTestNGCucumberTests"/>
      </group> <!-- cucumber -->
    </groups>
    <test started-at="2024-04-25T16:38:35 IST" name="Default test" finished-at="2024-04-25T16:38:36 IST" duration-ms="883">
      <class name="cucumber.testNGTestRunner">
        <test-method is-config="true" signature="setUpClass(org.testng.ITestContext)[pri:0, instance:cucumber.testNGTestRunner@55740540]" started-at="2024-04-25T16:38:35 IST" name="setUpClass" finished-at="2024-04-25T16:38:35 IST" duration-ms="696" status="PASS">
          <params>
            <param index="0">
              <value>
                <![CDATA[org.testng.TestRunner@5af9926a]]>
              </value>
            </param>
          </params>
          <reporter-output>
          </reporter-output>
        </test-method> <!-- setUpClass -->
        <test-method signature="runScenario(io.cucumber.testng.PickleWrapper,io.cucumber.testng.FeatureWrapper)[pri:0, instance:cucumber.testNGTestRunner@55740540]" started-at="2024-04-25T16:38:35 IST" name="runScenario" description="Runs Cucumber Scenarios" data-provider="scenarios" finished-at="2024-04-25T16:38:35 IST" duration-ms="80" status="FAIL">
          <params>
            <param index="0">
              <value>
                <![CDATA["Positive Test of Submitting the Order"]]>
              </value>
            </param>
            <param index="1">
              <value>
                <![CDATA["Purchase the Order from Ecommerce Website"]]>
              </value>
            </param>
          </params>
          <exception class="java.lang.NullPointerException">
            <message>
              <![CDATA[Cannot invoke "pageObjects.LandingPage.loginApplication(String, String)" because "this.landingPage" is null]]>
            </message>
            <full-stacktrace>
              <![CDATA[java.lang.NullPointerException: Cannot invoke "pageObjects.LandingPage.loginApplication(String, String)" because "this.landingPage" is null
at stepDefinition.StepDefinitionImplement.logged_in_username_and_password(StepDefinitionImplement.java:39)
at ✽.Logged in with username akankshasadaphal4@gmail.com  and password Akan@1990(file:///C:/Users/akkum/eclipse-workspace/selenium_Java_Project/src/test/java/cucumber/PurchaseOrder.feature:11)
]]>
            </full-stacktrace>
          </exception> <!-- java.lang.NullPointerException -->
          <reporter-output>
          </reporter-output>
        </test-method> <!-- runScenario -->
        <test-method is-config="true" signature="tearDownClass()[pri:0, instance:cucumber.testNGTestRunner@55740540]" started-at="2024-04-25T16:38:35 IST" name="tearDownClass" finished-at="2024-04-25T16:38:36 IST" duration-ms="61" status="PASS">
          <reporter-output>
          </reporter-output>
        </test-method> <!-- tearDownClass -->
      </class> <!-- cucumber.testNGTestRunner -->
    </test> <!-- Default test -->
  </suite> <!-- Default suite -->
</testng-results>
