<?xml version="1.0" encoding="UTF-8"?>
<!-- Generated by org.testng.reporters.JUnitReportReporter -->
<testsuite hostname="DESKTOP-BNIOE7C" failures="0" tests="1" name="cucumber.testNGTestRunner" time="0.080" errors="1" timestamp="2024-04-25T16:38:36 IST" skipped="0">
  <testcase classname="cucumber.testNGTestRunner" name="runScenario" time="0.080">
    <error message="Cannot invoke &quot;pageObjects.LandingPage.loginApplication(String, String)&quot; because &quot;this.landingPage&quot; is null" type="java.lang.NullPointerException">
      <![CDATA[java.lang.NullPointerException: Cannot invoke "pageObjects.LandingPage.loginApplication(String, String)" because "this.landingPage" is null
at stepDefinition.StepDefinitionImplement.logged_in_username_and_password(StepDefinitionImplement.java:39)
at ✽.Logged in with username akankshasadaphal4@gmail.com  and password Akan@1990(file:///C:/Users/akkum/eclipse-workspace/selenium_Java_Project/src/test/java/cucumber/PurchaseOrder.feature:11)
]]>
    </error>
  </testcase> <!-- runScenario -->
</testsuite> <!-- cucumber.testNGTestRunner -->
